<?xml version="1.0" encoding="UTF-8"?>
<testng-results ignored="0" total="1" passed="1" failed="0" skipped="0">
  <reporter-output>
  </reporter-output>
  <suite started-at="2022-04-06T09:23:31 IST" name="Default suite" finished-at="2022-04-06T09:23:53 IST" duration-ms="21892">
    <groups>
      <group name="cucumber">
        <method signature="AbstractTestNGCucumberTests.runScenario(io.cucumber.testng.PickleWrapper,io.cucumber.testng.FeatureWrapper)[pri:0, instance:com.laserhub.testRunner.TestRunner@61df66b6]" name="runScenario" class="io.cucumber.testng.AbstractTestNGCucumberTests"/>
      </group> <!-- cucumber -->
    </groups>
    <test started-at="2022-04-06T09:23:31 IST" name="Default test" finished-at="2022-04-06T09:23:53 IST" duration-ms="21892">
      <class name="com.laserhub.testRunner.TestRunner">
        <test-method is-config="true" signature="setUpClass(org.testng.ITestContext)[pri:0, instance:com.laserhub.testRunner.TestRunner@61df66b6]" started-at="2022-04-06T09:23:31 IST" name="setUpClass" finished-at="2022-04-06T09:23:31 IST" duration-ms="149" status="PASS">
          <params>
            <param index="0">
              <value>
                <![CDATA[org.testng.TestRunner@27755487]]>
              </value>
            </param>
          </params>
          <reporter-output>
          </reporter-output>
        </test-method> <!-- setUpClass -->
        <test-method signature="runScenario(io.cucumber.testng.PickleWrapper,io.cucumber.testng.FeatureWrapper)[pri:0, instance:com.laserhub.testRunner.TestRunner@61df66b6]" started-at="2022-04-06T09:23:31 IST" name="runScenario" description="Runs Cucumber Scenarios" data-provider="scenarios" finished-at="2022-04-06T09:23:53 IST" duration-ms="21718" status="PASS">
          <params>
            <param index="0">
              <value>
                <![CDATA["Verify user login on laserhub application"]]>
              </value>
            </param>
            <param index="1">
              <value>
                <![CDATA["Optional[Laserhub Login Feature]"]]>
              </value>
            </param>
          </params>
          <reporter-output>
          </reporter-output>
        </test-method> <!-- runScenario -->
        <test-method is-config="true" signature="tearDownClass()[pri:0, instance:com.laserhub.testRunner.TestRunner@61df66b6]" started-at="2022-04-06T09:23:53 IST" name="tearDownClass" finished-at="2022-04-06T09:23:53 IST" duration-ms="5" status="PASS">
          <reporter-output>
          </reporter-output>
        </test-method> <!-- tearDownClass -->
      </class> <!-- com.laserhub.testRunner.TestRunner -->
    </test> <!-- Default test -->
  </suite> <!-- Default suite -->
</testng-results>
