<?xml version="1.0" encoding="UTF-8"?>
<testng-results ignored="0" total="4" passed="4" failed="0" skipped="0">
  <reporter-output>
  </reporter-output>
  <suite started-at="2022-03-21T19:29:13 IST" name="Surefire suite" finished-at="2022-03-21T19:30:14 IST" duration-ms="60414">
    <groups>
      <group name="cucumber">
        <method signature="AbstractTestNGCucumberTests.runScenario(io.cucumber.testng.PickleWrapper,io.cucumber.testng.FeatureWrapper)[pri:0, instance:com.cucumber.testRunner.TestRunner@1a38c59b]" name="runScenario" class="io.cucumber.testng.AbstractTestNGCucumberTests"/>
      </group> <!-- cucumber -->
    </groups>
    <test started-at="2022-03-21T19:29:13 IST" name="Surefire test" finished-at="2022-03-21T19:30:14 IST" duration-ms="60414">
      <class name="com.cucumber.testRunner.TestRunner">
        <test-method is-config="true" signature="setUpClass(org.testng.ITestContext)[pri:0, instance:com.cucumber.testRunner.TestRunner@1a38c59b]" started-at="2022-03-21T19:29:13 IST" name="setUpClass" finished-at="2022-03-21T19:29:14 IST" duration-ms="133" status="PASS">
          <params>
            <param index="0">
              <value>
                <![CDATA[org.testng.TestRunner@48d739f]]>
              </value>
            </param>
          </params>
          <reporter-output>
          </reporter-output>
        </test-method> <!-- setUpClass -->
        <test-method signature="runScenario(io.cucumber.testng.PickleWrapper,io.cucumber.testng.FeatureWrapper)[pri:0, instance:com.cucumber.testRunner.TestRunner@1a38c59b]" started-at="2022-03-21T19:29:14 IST" name="runScenario" description="Runs Cucumber Scenarios" data-provider="scenarios" finished-at="2022-03-21T19:29:30 IST" duration-ms="16608" status="PASS">
          <params>
            <param index="0">
              <value>
                <![CDATA["Verify NHS Cost Coverage with register dental practice"]]>
              </value>
            </param>
            <param index="1">
              <value>
                <![CDATA["Optional[NHS Cost Check Feature]"]]>
              </value>
            </param>
          </params>
          <reporter-output>
          </reporter-output>
        </test-method> <!-- runScenario -->
        <test-method signature="runScenario(io.cucumber.testng.PickleWrapper,io.cucumber.testng.FeatureWrapper)[pri:0, instance:com.cucumber.testRunner.TestRunner@1a38c59b]" started-at="2022-03-21T19:29:30 IST" name="runScenario" description="Runs Cucumber Scenarios" data-provider="scenarios" finished-at="2022-03-21T19:29:45 IST" duration-ms="14658" status="PASS">
          <params>
            <param index="0">
              <value>
                <![CDATA["Verify NHS Cost Coverage with register dental practice"]]>
              </value>
            </param>
            <param index="1">
              <value>
                <![CDATA["Optional[NHS Cost Check Feature]"]]>
              </value>
            </param>
          </params>
          <reporter-output>
          </reporter-output>
        </test-method> <!-- runScenario -->
        <test-method signature="runScenario(io.cucumber.testng.PickleWrapper,io.cucumber.testng.FeatureWrapper)[pri:0, instance:com.cucumber.testRunner.TestRunner@1a38c59b]" started-at="2022-03-21T19:29:45 IST" name="runScenario" description="Runs Cucumber Scenarios" data-provider="scenarios" finished-at="2022-03-21T19:29:57 IST" duration-ms="12491" status="PASS">
          <params>
            <param index="0">
              <value>
                <![CDATA["Verify NHS Cost Coverage without register dental practice"]]>
              </value>
            </param>
            <param index="1">
              <value>
                <![CDATA["Optional[NHS Cost Check Feature]"]]>
              </value>
            </param>
          </params>
          <reporter-output>
          </reporter-output>
        </test-method> <!-- runScenario -->
        <test-method signature="runScenario(io.cucumber.testng.PickleWrapper,io.cucumber.testng.FeatureWrapper)[pri:0, instance:com.cucumber.testRunner.TestRunner@1a38c59b]" started-at="2022-03-21T19:29:57 IST" name="runScenario" description="Runs Cucumber Scenarios" data-provider="scenarios" finished-at="2022-03-21T19:30:14 IST" duration-ms="16497" status="PASS">
          <params>
            <param index="0">
              <value>
                <![CDATA["Verify NHS Cost Coverage without register dental practice"]]>
              </value>
            </param>
            <param index="1">
              <value>
                <![CDATA["Optional[NHS Cost Check Feature]"]]>
              </value>
            </param>
          </params>
          <reporter-output>
          </reporter-output>
        </test-method> <!-- runScenario -->
        <test-method is-config="true" signature="tearDownClass()[pri:0, instance:com.cucumber.testRunner.TestRunner@1a38c59b]" started-at="2022-03-21T19:30:14 IST" name="tearDownClass" finished-at="2022-03-21T19:30:14 IST" duration-ms="5" status="PASS">
          <reporter-output>
          </reporter-output>
        </test-method> <!-- tearDownClass -->
      </class> <!-- com.cucumber.testRunner.TestRunner -->
    </test> <!-- Surefire test -->
  </suite> <!-- Surefire suite -->
</testng-results>
